The target system is: Generic - 4.2.99 - arm
The host system is: Linux - 6.14.0-37-generic - x86_64
Compiling the C compiler identification source file "CMakeCCompilerId.c" succeeded.
Compiler: /home/atia/ncs/toolchains/43683a87ea/opt/zephyr-sdk/arm-zephyr-eabi/bin/arm-zephyr-eabi-gcc 
Build flags: 
Id flags: -c 

The output was:
0


Compilation of the C compiler identification source "CMakeCCompilerId.c" produced "CMakeCCompilerId.o"

The C compiler identification is GNU, found in "/home/atia/Documents/watch_project/firmware/build/firmware/CMakeFiles/3.21.0/CompilerIdC/CMakeCCompilerId.o"

Compiling the CXX compiler identification source file "CMakeCXXCompilerId.cpp" succeeded.
Compiler: /home/atia/ncs/toolchains/43683a87ea/opt/zephyr-sdk/arm-zephyr-eabi/bin/arm-zephyr-eabi-g++ 
Build flags: 
Id flags: -c 

The output was:
0


Compilation of the CXX compiler identification source "CMakeCXXCompilerId.cpp" produced "CMakeCXXCompilerId.o"

The CXX compiler identification is GNU, found in "/home/atia/Documents/watch_project/firmware/build/firmware/CMakeFiles/3.21.0/CompilerIdCXX/CMakeCXXCompilerId.o"

Checking whether the ASM compiler is GNU using "--version" matched "(GNU assembler)|(GCC)|(Free Software Foundation)":
arm-zephyr-eabi-gcc (Zephyr SDK 0.17.0) 12.2.0
Copyright (C) 2022 Free Software Foundation, Inc.
This is free software; see the source for copying conditions.  There is NO
warranty; not even for MERCHANTABILITY or FITNESS FOR A PARTICULAR PURPOSE.

Performing C SOURCE FILE Test check_fmacro_prefix_map__home_atia_Documents_watch_project_firmware_CMAKE_SOURCE_DIR_C__nostartfiles__nostdlib__isystem___home_atia_ncs_toolchains_43683a87ea_opt_zephyr_sdk_arm_zephyr_eabi_bin____lib_gcc_arm_zephyr_eabi_12_2_0_include___isystem___home_atia_ncs_toolchains_43683a87ea_opt_zephyr_sdk_arm_zephyr_eabi_bin____lib_gcc_arm_zephyr_eabi_12_2_0_include_fixed___Wl___unresolved_symbols_ignore_in_object_files__Wl___entry_0__fuse_ld_bfd succeeded with the following output:
Change Dir: /home/atia/Documents/watch_project/firmware/build/firmware/CMakeFiles/CMakeTmp

Run Build Command(s):/home/atia/ncs/toolchains/43683a87ea/usr/local/bin/ninja cmTC_fdf08 && [1/2] Building C object CMakeFiles/cmTC_fdf08.dir/src.c.obj
[2/2] Linking C executable cmTC_fdf08


Source file was:
int main(void) { return 0; }
